Using the GPU

########## Setting Up Experiment ######################

Putting log in TRANSFORMER_ADAM_model=TRANSFORMER_optimizer=ADAM_initial_lr=0.001_batch_size=128_seq_len=35_hidden_size=512_num_layers=2_dp_keep_prob=.9_1
Using the GPU
Loading data from data
  vocabulary size: 10000

########## Running Main Loop ##########################

EPOCH 0 ------------------
step: 10	loss (sum over all examples' seen this epoch):2864.2155051231384	speed (wps):33197.53158936595
step: 30	loss (sum over all examples' seen this epoch):7486.996576786041	speed (wps):43316.04767654691
step: 50	loss (sum over all examples' seen this epoch):11924.304344654083	speed (wps):46406.0293856154
step: 70	loss (sum over all examples' seen this epoch):16142.295343875885	speed (wps):47869.4830648945
step: 90	loss (sum over all examples' seen this epoch):20189.04619216919	speed (wps):48733.39305409425
step: 110	loss (sum over all examples' seen this epoch):24106.212916374207	speed (wps):49298.8921233349
step: 130	loss (sum over all examples' seen this epoch):27931.63034439087	speed (wps):49703.89077293384
step: 150	loss (sum over all examples' seen this epoch):31689.47543144226	speed (wps):48876.75811819773
step: 170	loss (sum over all examples' seen this epoch):35365.04063129425	speed (wps):49229.470031134246
step: 190	loss (sum over all examples' seen this epoch):39016.77409410477	speed (wps):49514.4448626237
epoch: 0	train ppl: 325.5585521381428	val ppl: 176.75393250646673	best val: 176.75393250646673	time (s) spent in epoch: 19.098730087280273

EPOCH 1 ------------------
step: 10	loss (sum over all examples' seen this epoch):1982.369487285614	speed (wps):47566.91014942609
step: 30	loss (sum over all examples' seen this epoch):5540.441126823425	speed (wps):50390.17142374686
step: 50	loss (sum over all examples' seen this epoch):9040.152535438538	speed (wps):51065.777556956156
step: 70	loss (sum over all examples' seen this epoch):12502.890017032623	speed (wps):51351.04436798274
step: 90	loss (sum over all examples' seen this epoch):15917.91173696518	speed (wps):51512.470814721724
step: 110	loss (sum over all examples' seen this epoch):19286.303334236145	speed (wps):51624.05701481854
step: 130	loss (sum over all examples' seen this epoch):22623.43385219574	speed (wps):51693.65749250579
step: 150	loss (sum over all examples' seen this epoch):25912.796020507812	speed (wps):51745.18214318795
step: 170	loss (sum over all examples' seen this epoch):29155.745177268982	speed (wps):51785.639333390674
step: 190	loss (sum over all examples' seen this epoch):32385.87446451187	speed (wps):51818.24843568458
epoch: 1	train ppl: 124.83134869747339	val ppl: 138.65466968407515	best val: 138.65466968407515	time (s) spent in epoch: 18.33258366584778

EPOCH 2 ------------------
step: 10	loss (sum over all examples' seen this epoch):1775.8810830116272	speed (wps):47518.93584590916
step: 30	loss (sum over all examples' seen this epoch):4983.938386440277	speed (wps):50363.081409393475
step: 50	loss (sum over all examples' seen this epoch):8135.881488323212	speed (wps):51027.63655435841
step: 70	loss (sum over all examples' seen this epoch):11282.07320690155	speed (wps):51314.046778591386
step: 90	loss (sum over all examples' seen this epoch):14391.481323242188	speed (wps):51483.35623889358
step: 110	loss (sum over all examples' seen this epoch):17469.46260213852	speed (wps):51597.50513243092
step: 130	loss (sum over all examples' seen this epoch):20531.19511127472	speed (wps):51672.78028676966
step: 150	loss (sum over all examples' seen this epoch):23551.367239952087	speed (wps):51731.83156606419
step: 170	loss (sum over all examples' seen this epoch):26530.965025424957	speed (wps):51022.150973383075
step: 190	loss (sum over all examples' seen this epoch):29500.540351867676	speed (wps):51132.5524767007
epoch: 2	train ppl: 81.4586875347356	val ppl: 131.30322272373022	best val: 131.30322272373022	time (s) spent in epoch: 18.553793907165527

EPOCH 3 ------------------
step: 10	loss (sum over all examples' seen this epoch):1637.806293964386	speed (wps):47570.65418156017
step: 30	loss (sum over all examples' seen this epoch):4610.176043510437	speed (wps):50392.163589310374
step: 50	loss (sum over all examples' seen this epoch):7522.2586488723755	speed (wps):51045.48587606794
step: 70	loss (sum over all examples' seen this epoch):10437.758947610855	speed (wps):51337.28353700806
step: 90	loss (sum over all examples' seen this epoch):13329.429795742035	speed (wps):51495.984745516274
step: 110	loss (sum over all examples' seen this epoch):16185.359547138214	speed (wps):51600.98108151095
step: 130	loss (sum over all examples' seen this epoch):19033.087750673294	speed (wps):51675.74063540958
step: 150	loss (sum over all examples' seen this epoch):21839.31643128395	speed (wps):50798.48736039386
step: 170	loss (sum over all examples' seen this epoch):24613.483622074127	speed (wps):50946.12094359711
step: 190	loss (sum over all examples' seen this epoch):27373.188574314117	speed (wps):51064.3527136208
epoch: 3	train ppl: 59.36510942282634	val ppl: 137.19290896837933	best val: 131.30322272373022	time (s) spent in epoch: 18.57832384109497

EPOCH 4 ------------------
step: 10	loss (sum over all examples' seen this epoch):1524.1934132575989	speed (wps):47576.994106027065
step: 30	loss (sum over all examples' seen this epoch):4297.632700204849	speed (wps):50395.093274254345
step: 50	loss (sum over all examples' seen this epoch):7006.484560966492	speed (wps):51047.90316696203
step: 70	loss (sum over all examples' seen this epoch):9732.47801065445	speed (wps):51336.953636349645
step: 90	loss (sum over all examples' seen this epoch):12433.454065322876	speed (wps):51502.22453700043
step: 110	loss (sum over all examples' seen this epoch):15089.126003980637	speed (wps):51607.311243397024
step: 130	loss (sum over all examples' seen this epoch):17749.18767094612	speed (wps):51008.33798963891
step: 150	loss (sum over all examples' seen this epoch):20369.097434282303	speed (wps):51150.813211432935
step: 170	loss (sum over all examples' seen this epoch):22962.498997449875	speed (wps):51260.16273630158
step: 190	loss (sum over all examples' seen this epoch):25540.600819587708	speed (wps):51346.61053619978
epoch: 4	train ppl: 45.17175365716625	val ppl: 148.45139250651815	best val: 131.30322272373022	time (s) spent in epoch: 18.48381543159485

EPOCH 5 ------------------
step: 10	loss (sum over all examples' seen this epoch):1421.590222120285	speed (wps):47610.06793169055
step: 30	loss (sum over all examples' seen this epoch):4022.175452709198	speed (wps):50465.6698188744
step: 50	loss (sum over all examples' seen this epoch):6553.525545597076	speed (wps):51077.11364492901
step: 70	loss (sum over all examples' seen this epoch):9107.16155409813	speed (wps):51359.57251256008
step: 90	loss (sum over all examples' seen this epoch):11630.935438871384	speed (wps):51519.512451090726
step: 110	loss (sum over all examples' seen this epoch):14113.865406513214	speed (wps):51621.752070129674
step: 130	loss (sum over all examples' seen this epoch):16601.175138950348	speed (wps):51706.64222275577
step: 150	loss (sum over all examples' seen this epoch):19046.196603775024	speed (wps):51758.17705505498
step: 170	loss (sum over all examples' seen this epoch):21472.071126699448	speed (wps):51737.49030408853
step: 190	loss (sum over all examples' seen this epoch):23876.947964429855	speed (wps):51774.002689376444
epoch: 5	train ppl: 35.24334596933399	val ppl: 166.4378352214634	best val: 131.30322272373022	time (s) spent in epoch: 18.346601724624634

EPOCH 6 ------------------
step: 10	loss (sum over all examples' seen this epoch):1328.806231021881	speed (wps):47585.98677553753
step: 30	loss (sum over all examples' seen this epoch):3764.2131900787354	speed (wps):50380.42211084135
step: 50	loss (sum over all examples' seen this epoch):6134.109070301056	speed (wps):51037.66727696484
step: 70	loss (sum over all examples' seen this epoch):8522.266741991043	speed (wps):51329.34141814459
step: 90	loss (sum over all examples' seen this epoch):10880.770831108093	speed (wps):51496.369357089636
step: 110	loss (sum over all examples' seen this epoch):13205.176793336868	speed (wps):51602.47091734301
step: 130	loss (sum over all examples' seen this epoch):15538.03747177124	speed (wps):51676.11599149284
step: 150	loss (sum over all examples' seen this epoch):17828.8986825943	speed (wps):51731.16096410982
step: 170	loss (sum over all examples' seen this epoch):20104.5046710968	speed (wps):51774.036652890965
step: 190	loss (sum over all examples' seen this epoch):22356.90188407898	speed (wps):51807.271521391725
epoch: 6	train ppl: 28.092780800920302	val ppl: 190.33102311106433	best val: 131.30322272373022	time (s) spent in epoch: 18.33593773841858

EPOCH 7 ------------------
step: 10	loss (sum over all examples' seen this epoch):1241.5321791172028	speed (wps):47570.19435639424
step: 30	loss (sum over all examples' seen this epoch):3513.825933933258	speed (wps):50390.031934466
step: 50	loss (sum over all examples' seen this epoch):5732.652268409729	speed (wps):51047.16082492832
step: 70	loss (sum over all examples' seen this epoch):7970.108276605606	speed (wps):51336.39854361346
step: 90	loss (sum over all examples' seen this epoch):10182.819542884827	speed (wps):51501.42722360517
step: 110	loss (sum over all examples' seen this epoch):12356.243761777878	speed (wps):51606.423803591984
step: 130	loss (sum over all examples' seen this epoch):14548.047198057175	speed (wps):51558.56149125883
step: 150	loss (sum over all examples' seen this epoch):16699.394459724426	speed (wps):51620.18575360238
step: 170	loss (sum over all examples' seen this epoch):18831.0611474514	speed (wps):51675.087768876765
step: 190	loss (sum over all examples' seen this epoch):20943.416895866394	speed (wps):51718.504652469506
epoch: 7	train ppl: 22.75977290851269	val ppl: 217.33224340821613	best val: 131.30322272373022	time (s) spent in epoch: 18.36401653289795

EPOCH 8 ------------------
step: 10	loss (sum over all examples' seen this epoch):1165.215529203415	speed (wps):47618.0857739405
step: 30	loss (sum over all examples' seen this epoch):3298.785856962204	speed (wps):50410.440447644374
step: 50	loss (sum over all examples' seen this epoch):5373.332036733627	speed (wps):51065.649663426375
step: 70	loss (sum over all examples' seen this epoch):7470.755534172058	speed (wps):51353.574444529426
step: 90	loss (sum over all examples' seen this epoch):9548.005439043045	speed (wps):51514.37033040697
step: 110	loss (sum over all examples' seen this epoch):11594.405221939087	speed (wps):50423.92597476226
step: 130	loss (sum over all examples' seen this epoch):13654.446513652802	speed (wps):50671.463849804415
step: 150	loss (sum over all examples' seen this epoch):15674.165378808975	speed (wps):50855.504805490644
step: 170	loss (sum over all examples' seen this epoch):17676.92555308342	speed (wps):50182.21206970652
step: 190	loss (sum over all examples' seen this epoch):19662.73800969124	speed (wps):50374.34539123033
epoch: 8	train ppl: 18.817655387437274	val ppl: 251.13495308649328	best val: 131.30322272373022	time (s) spent in epoch: 18.80655813217163

EPOCH 9 ------------------
step: 10	loss (sum over all examples' seen this epoch):1097.5556695461273	speed (wps):47542.16182137311
step: 30	loss (sum over all examples' seen this epoch):3105.8854806423187	speed (wps):50378.85786519303
step: 50	loss (sum over all examples' seen this epoch):5049.45908665657	speed (wps):51037.75425793683
step: 70	loss (sum over all examples' seen this epoch):7023.783296346664	speed (wps):51355.47216555832
step: 90	loss (sum over all examples' seen this epoch):8979.492093324661	speed (wps):51515.80281928274
step: 110	loss (sum over all examples' seen this epoch):10908.077989816666	speed (wps):51617.94629548914
step: 130	loss (sum over all examples' seen this epoch):12848.810918331146	speed (wps):51693.960373523274
step: 150	loss (sum over all examples' seen this epoch):14756.853095293045	speed (wps):51114.27795622352
step: 170	loss (sum over all examples' seen this epoch):16647.95107603073	speed (wps):51226.74550623817
step: 190	loss (sum over all examples' seen this epoch):18517.0507311821	speed (wps):51316.6298328954
epoch: 9	train ppl: 15.864724383020757	val ppl: 291.20854555297586	best val: 131.30322272373022	time (s) spent in epoch: 18.49434995651245

EPOCH 10 ------------------
step: 10	loss (sum over all examples' seen this epoch):1036.573749780655	speed (wps):47634.76626976271
step: 30	loss (sum over all examples' seen this epoch):2928.9917039871216	speed (wps):50473.51462861686
step: 50	loss (sum over all examples' seen this epoch):4753.287705183029	speed (wps):51096.280762406976
step: 70	loss (sum over all examples' seen this epoch):6617.86271572113	speed (wps):51383.96075832583
step: 90	loss (sum over all examples' seen this epoch):8453.68635892868	speed (wps):51537.128850729714
step: 110	loss (sum over all examples' seen this epoch):10274.96278166771	speed (wps):51636.2175993019
step: 130	loss (sum over all examples' seen this epoch):12108.127835988998	speed (wps):51121.984047585385
step: 150	loss (sum over all examples' seen this epoch):13908.314373493195	speed (wps):51249.133552796804
step: 170	loss (sum over all examples' seen this epoch):15695.115407705307	speed (wps):51346.90188283764
step: 190	loss (sum over all examples' seen this epoch):17457.45315670967	speed (wps):51424.24886148235
epoch: 10	train ppl: 13.539320930555473	val ppl: 341.23578230965836	best val: 131.30322272373022	time (s) spent in epoch: 18.459829807281494

EPOCH 11 ------------------
step: 10	loss (sum over all examples' seen this epoch):979.3349480628967	speed (wps):47590.79667469305
step: 30	loss (sum over all examples' seen this epoch):2766.459938287735	speed (wps):50389.71808640764
step: 50	loss (sum over all examples' seen this epoch):4496.505275964737	speed (wps):51071.900869045814
step: 70	loss (sum over all examples' seen this epoch):6261.322003602982	speed (wps):51346.44343024348
step: 90	loss (sum over all examples' seen this epoch):8002.840217351913	speed (wps):51503.64549133351
step: 110	loss (sum over all examples' seen this epoch):9725.378407239914	speed (wps):51608.25745384415
step: 130	loss (sum over all examples' seen this epoch):11466.493707895279	speed (wps):51671.34199869169
step: 150	loss (sum over all examples' seen this epoch):13173.27042222023	speed (wps):51724.55113624328
step: 170	loss (sum over all examples' seen this epoch):14868.913679122925	speed (wps):51766.31442844549
step: 190	loss (sum over all examples' seen this epoch):16542.874463796616	speed (wps):51797.97376858974
epoch: 11	train ppl: 11.817604431638571	val ppl: 396.8586145633038	best val: 131.30322272373022	time (s) spent in epoch: 18.33890199661255

EPOCH 12 ------------------
step: 10	loss (sum over all examples' seen this epoch):931.118323802948	speed (wps):47616.94490384591
step: 30	loss (sum over all examples' seen this epoch):2627.384341955185	speed (wps):50412.15499187311
step: 50	loss (sum over all examples' seen this epoch):4259.349956512451	speed (wps):51047.22064656344
step: 70	loss (sum over all examples' seen this epoch):5929.367084503174	speed (wps):51337.84062439165
step: 90	loss (sum over all examples' seen this epoch):7583.6495316028595	speed (wps):51499.64033850005
step: 110	loss (sum over all examples' seen this epoch):9218.392170667648	speed (wps):51601.990892291324
step: 130	loss (sum over all examples' seen this epoch):10865.359497070312	speed (wps):51676.27329551911
step: 150	loss (sum over all examples' seen this epoch):12477.986468076706	speed (wps):51535.009673521046
step: 170	loss (sum over all examples' seen this epoch):14090.487242937088	speed (wps):51604.243898025205
step: 190	loss (sum over all examples' seen this epoch):15683.025703430176	speed (wps):51651.729494927175
epoch: 12	train ppl: 10.404945246272208	val ppl: 460.32648323535307	best val: 131.30322272373022	time (s) spent in epoch: 18.38630223274231

EPOCH 13 ------------------
step: 10	loss (sum over all examples' seen this epoch):886.8833661079407	speed (wps):47549.48954336039
step: 30	loss (sum over all examples' seen this epoch):2502.314556837082	speed (wps):50359.40223853209
step: 50	loss (sum over all examples' seen this epoch):4059.228311777115	speed (wps):51007.700960924056
step: 70	loss (sum over all examples' seen this epoch):5643.371036052704	speed (wps):51287.96801804799
step: 90	loss (sum over all examples' seen this epoch):7217.557173967361	speed (wps):51455.81519004331
step: 110	loss (sum over all examples' seen this epoch):8772.116394042969	speed (wps):51560.69496048905
step: 130	loss (sum over all examples' seen this epoch):10343.256117105484	speed (wps):51633.32150124098
step: 150	loss (sum over all examples' seen this epoch):11888.665261268616	speed (wps):51687.45091358322
step: 170	loss (sum over all examples' seen this epoch):13427.521476745605	speed (wps):51745.303094612136
step: 190	loss (sum over all examples' seen this epoch):14942.99180150032	speed (wps):51778.8414454405
epoch: 13	train ppl: 9.314917354122157	val ppl: 536.2515961396703	best val: 131.30322272373022	time (s) spent in epoch: 18.346835374832153

EPOCH 14 ------------------
step: 10	loss (sum over all examples' seen this epoch):841.6675531864166	speed (wps):47568.76019690739
step: 30	loss (sum over all examples' seen this epoch):2382.743504047394	speed (wps):50369.50927456935
step: 50	loss (sum over all examples' seen this epoch):3867.36452460289	speed (wps):51023.70795566399
step: 70	loss (sum over all examples' seen this epoch):5381.94849729538	speed (wps):51310.13327393091
step: 90	loss (sum over all examples' seen this epoch):6887.549253702164	speed (wps):51472.59782527387
step: 110	loss (sum over all examples' seen this epoch):8372.769211530685	speed (wps):51233.631914922255
step: 130	loss (sum over all examples' seen this epoch):9877.268832921982	speed (wps):51355.144264470844
step: 150	loss (sum over all examples' seen this epoch):11352.277091741562	speed (wps):51447.888301023886
step: 170	loss (sum over all examples' seen this epoch):12820.797201395035	speed (wps):51525.231108569285
step: 190	loss (sum over all examples' seen this epoch):14271.209770441055	speed (wps):51573.47443699597
epoch: 14	train ppl: 8.42902146724999	val ppl: 611.9691397017427	best val: 131.30322272373022	time (s) spent in epoch: 18.413349866867065

EPOCH 15 ------------------
step: 10	loss (sum over all examples' seen this epoch):807.4635744094849	speed (wps):46618.94475495628
step: 30	loss (sum over all examples' seen this epoch):2285.8126974105835	speed (wps):49949.077199267085
step: 50	loss (sum over all examples' seen this epoch):3711.609733104706	speed (wps):50762.075205548055
step: 70	loss (sum over all examples' seen this epoch):5162.422461509705	speed (wps):51114.705098485305
step: 90	loss (sum over all examples' seen this epoch):6606.275722384453	speed (wps):51307.61324373337
step: 110	loss (sum over all examples' seen this epoch):8037.475339174271	speed (wps):51431.65493094932
step: 130	loss (sum over all examples' seen this epoch):9481.771801114082	speed (wps):50831.88894284591
step: 150	loss (sum over all examples' seen this epoch):10899.94025349617	speed (wps):50984.213067284756
step: 170	loss (sum over all examples' seen this epoch):12313.27840924263	speed (wps):51102.65287135536
step: 190	loss (sum over all examples' seen this epoch):13707.825877070427	speed (wps):51203.31161563991
epoch: 15	train ppl: 7.751573002806601	val ppl: 710.2036273566085	best val: 131.30322272373022	time (s) spent in epoch: 18.533454418182373

EPOCH 16 ------------------
step: 10	loss (sum over all examples' seen this epoch):773.2283157110214	speed (wps):47677.981341730876
step: 30	loss (sum over all examples' seen this epoch):2187.962510585785	speed (wps):50383.276346943305
step: 50	loss (sum over all examples' seen this epoch):3553.6556965112686	speed (wps):50997.99682617733
step: 70	loss (sum over all examples' seen this epoch):4945.447764992714	speed (wps):51276.12494666761
step: 90	loss (sum over all examples' seen this epoch):6328.951922655106	speed (wps):51435.647146233896
step: 110	loss (sum over all examples' seen this epoch):7705.425466299057	speed (wps):51224.10063497453
step: 130	loss (sum over all examples' seen this epoch):9093.650313615799	speed (wps):51332.25185547018
step: 150	loss (sum over all examples' seen this epoch):10453.551865816116	speed (wps):51430.83366462132
step: 170	loss (sum over all examples' seen this epoch):11812.860451340675	speed (wps):51329.83888998414
step: 190	loss (sum over all examples' seen this epoch):13155.255444645882	speed (wps):51401.337906896115
epoch: 16	train ppl: 7.13503668066446	val ppl: 809.7626367973209	best val: 131.30322272373022	time (s) spent in epoch: 18.46949052810669

EPOCH 17 ------------------
step: 10	loss (sum over all examples' seen this epoch):742.7271044254303	speed (wps):47558.73444412078
step: 30	loss (sum over all examples' seen this epoch):2107.708545923233	speed (wps):50333.70657901331
step: 50	loss (sum over all examples' seen this epoch):3418.1720381975174	speed (wps):50971.54162819126
step: 70	loss (sum over all examples' seen this epoch):4755.059916973114	speed (wps):51256.32053071708
step: 90	loss (sum over all examples' seen this epoch):6086.103682518005	speed (wps):51424.84989137208
step: 110	loss (sum over all examples' seen this epoch):7413.89799118042	speed (wps):51528.97801912578
step: 130	loss (sum over all examples' seen this epoch):8755.858895778656	speed (wps):51601.798917905435
step: 150	loss (sum over all examples' seen this epoch):10069.73535835743	speed (wps):51653.28677012606
step: 170	loss (sum over all examples' seen this epoch):11380.882373452187	speed (wps):51693.8031966936
step: 190	loss (sum over all examples' seen this epoch):12664.18929040432	speed (wps):51730.21121021914
epoch: 17	train ppl: 6.636589547493683	val ppl: 923.6965647246286	best val: 131.30322272373022	time (s) spent in epoch: 18.811812162399292

EPOCH 18 ------------------
step: 10	loss (sum over all examples' seen this epoch):717.164945602417	speed (wps):47525.15271739918
step: 30	loss (sum over all examples' seen this epoch):2032.8129357099533	speed (wps):50334.32853494992
step: 50	loss (sum over all examples' seen this epoch):3296.5752840042114	speed (wps):49970.75625884239
step: 70	loss (sum over all examples' seen this epoch):4587.254887223244	speed (wps):50518.79051403006
step: 90	loss (sum over all examples' seen this epoch):5873.872923851013	speed (wps):50837.524263072664
step: 110	loss (sum over all examples' seen this epoch):7152.030853629112	speed (wps):51062.36223266814
step: 130	loss (sum over all examples' seen this epoch):8445.365979075432	speed (wps):51203.61215162898
step: 150	loss (sum over all examples' seen this epoch):9709.298837780952	speed (wps):51309.15320395544
step: 170	loss (sum over all examples' seen this epoch):10977.461061477661	speed (wps):51380.69959072264
step: 190	loss (sum over all examples' seen this epoch):12218.41903269291	speed (wps):51444.127989215856
epoch: 18	train ppl: 6.210151459001616	val ppl: 1018.8916490746767	best val: 131.30322272373022	time (s) spent in epoch: 18.455299854278564

EPOCH 19 ------------------
step: 10	loss (sum over all examples' seen this epoch):695.3767591714859	speed (wps):47509.14948184659
step: 30	loss (sum over all examples' seen this epoch):1968.8448286056519	speed (wps):50307.64609454043
step: 50	loss (sum over all examples' seen this epoch):3188.7927561998367	speed (wps):50963.3147316253
step: 70	loss (sum over all examples' seen this epoch):4437.039403915405	speed (wps):51258.799923449384
step: 90	loss (sum over all examples' seen this epoch):5681.178589463234	speed (wps):51422.02448161963
step: 110	loss (sum over all examples' seen this epoch):6922.711336016655	speed (wps):51523.01960642589
step: 130	loss (sum over all examples' seen this epoch):8181.574606895447	speed (wps):51595.95713412789
step: 150	loss (sum over all examples' seen this epoch):9407.436701059341	speed (wps):51649.67520876807
step: 170	loss (sum over all examples' seen this epoch):10631.075083613396	speed (wps):51692.39441236648
step: 190	loss (sum over all examples' seen this epoch):11833.494447469711	speed (wps):51723.73258883837
epoch: 19	train ppl: 5.8640215740179755	val ppl: 1124.872144956197	best val: 131.30322272373022	time (s) spent in epoch: 18.365562200546265

EPOCH 20 ------------------
step: 10	loss (sum over all examples' seen this epoch):670.5695658922195	speed (wps):47655.65530551843
step: 30	loss (sum over all examples' seen this epoch):1909.1985243558884	speed (wps):50370.49798748868
step: 50	loss (sum over all examples' seen this epoch):3089.677232503891	speed (wps):50997.07682156654
step: 70	loss (sum over all examples' seen this epoch):4298.034908175468	speed (wps):51281.077949359926
step: 90	loss (sum over all examples' seen this epoch):5503.525958657265	speed (wps):51439.68103757429
step: 110	loss (sum over all examples' seen this epoch):6701.343761086464	speed (wps):51538.29199232425
step: 130	loss (sum over all examples' seen this epoch):7925.112808346748	speed (wps):49996.42287063047
step: 150	loss (sum over all examples' seen this epoch):9111.751700043678	speed (wps):50253.85347775522
step: 170	loss (sum over all examples' seen this epoch):10300.688591599464	speed (wps):50451.631843248266
step: 190	loss (sum over all examples' seen this epoch):11462.077848315239	speed (wps):50392.683641040545
epoch: 20	train ppl: 5.541902933453354	val ppl: 1258.1692476549622	best val: 131.30322272373022	time (s) spent in epoch: 18.80235457420349

EPOCH 21 ------------------
step: 10	loss (sum over all examples' seen this epoch):653.5209572315216	speed (wps):47525.13086262948
step: 30	loss (sum over all examples' seen this epoch):1848.1578373908997	speed (wps):50321.74018272209
step: 50	loss (sum over all examples' seen this epoch):2997.873883843422	speed (wps):50959.2036340384
step: 70	loss (sum over all examples' seen this epoch):4170.335314869881	speed (wps):51244.29129982141
step: 90	loss (sum over all examples' seen this epoch):5341.407703757286	speed (wps):51410.21895857929
step: 110	loss (sum over all examples' seen this epoch):6508.766297698021	speed (wps):49115.95348180154
step: 130	loss (sum over all examples' seen this epoch):7691.6881108284	speed (wps):49530.964696684074
step: 150	loss (sum over all examples' seen this epoch):8847.878859043121	speed (wps):49860.72798848159
step: 170	loss (sum over all examples' seen this epoch):9992.884104251862	speed (wps):50100.47558470378
step: 190	loss (sum over all examples' seen this epoch):11122.18309879303	speed (wps):50293.05691865665
epoch: 21	train ppl: 5.273245912012786	val ppl: 1376.079959676736	best val: 131.30322272373022	time (s) spent in epoch: 18.835967302322388

EPOCH 22 ------------------
step: 10	loss (sum over all examples' seen this epoch):628.8131403923035	speed (wps):47528.68252647709
step: 30	loss (sum over all examples' seen this epoch):1794.0435272455215	speed (wps):50322.24446537755
step: 50	loss (sum over all examples' seen this epoch):2909.740353822708	speed (wps):50964.434084014254
step: 70	loss (sum over all examples' seen this epoch):4054.632821083069	speed (wps):51252.594999979636
step: 90	loss (sum over all examples' seen this epoch):5198.295195102692	speed (wps):51418.772629119485
step: 110	loss (sum over all examples' seen this epoch):6324.54971909523	speed (wps):51522.57669464848
step: 130	loss (sum over all examples' seen this epoch):7472.885193228722	speed (wps):51598.079102937656
step: 150	loss (sum over all examples' seen this epoch):8600.4522138834	speed (wps):51651.87913199748
step: 170	loss (sum over all examples' seen this epoch):9713.369337320328	speed (wps):51694.602429023646
step: 190	loss (sum over all examples' seen this epoch):10814.58907186985	speed (wps):51727.97146642571
epoch: 22	train ppl: 5.036117730104098	val ppl: 1530.7980243013317	best val: 131.30322272373022	time (s) spent in epoch: 18.78494644165039

EPOCH 23 ------------------
step: 10	loss (sum over all examples' seen this epoch):617.5001728534698	speed (wps):47520.36700259678
step: 30	loss (sum over all examples' seen this epoch):1749.5929771661758	speed (wps):50316.75441459911
step: 50	loss (sum over all examples' seen this epoch):2836.121934056282	speed (wps):50965.81640299983
step: 70	loss (sum over all examples' seen this epoch):3948.0944138765335	speed (wps):51252.13426901131
step: 90	loss (sum over all examples' seen this epoch):5060.048047304153	speed (wps):51415.972623513684
step: 110	loss (sum over all examples' seen this epoch):6159.457347393036	speed (wps):51522.75614936481
step: 130	loss (sum over all examples' seen this epoch):7278.298988938332	speed (wps):50581.72103637377
step: 150	loss (sum over all examples' seen this epoch):8373.489868044853	speed (wps):50764.32714046576
step: 170	loss (sum over all examples' seen this epoch):9462.896732091904	speed (wps):50917.372452764546
step: 190	loss (sum over all examples' seen this epoch):10528.177897930145	speed (wps):50706.32249715858
epoch: 23	train ppl: 4.823282030699865	val ppl: 1736.8996921203764	best val: 131.30322272373022	time (s) spent in epoch: 18.696242332458496

EPOCH 24 ------------------
step: 10	loss (sum over all examples' seen this epoch):599.5578104257584	speed (wps):47545.27856139944
step: 30	loss (sum over all examples' seen this epoch):1695.8651036024094	speed (wps):50362.628559353994
step: 50	loss (sum over all examples' seen this epoch):2755.6030601263046	speed (wps):50989.68813599796
step: 70	loss (sum over all examples' seen this epoch):3837.231896519661	speed (wps):51292.21535173015
step: 90	loss (sum over all examples' seen this epoch):4920.20206451416	speed (wps):51443.474122420106
step: 110	loss (sum over all examples' seen this epoch):5997.322474122047	speed (wps):50788.115997180255
step: 130	loss (sum over all examples' seen this epoch):7091.166063547134	speed (wps):50968.62273496054
step: 150	loss (sum over all examples' seen this epoch):8158.602343797684	speed (wps):51105.90088750973
step: 170	loss (sum over all examples' seen this epoch):9217.498638033867	speed (wps):51212.25410045418
step: 190	loss (sum over all examples' seen this epoch):10260.368155241013	speed (wps):51294.0463095657
epoch: 24	train ppl: 4.63813331884729	val ppl: 1912.11683601032	best val: 131.30322272373022	time (s) spent in epoch: 18.504741668701172

EPOCH 25 ------------------
step: 10	loss (sum over all examples' seen this epoch):579.8178601264954	speed (wps):46435.453391741044
step: 30	loss (sum over all examples' seen this epoch):1654.290724992752	speed (wps):49932.447288069634
step: 50	loss (sum over all examples' seen this epoch):2683.0546748638153	speed (wps):50757.78412353715
step: 70	loss (sum over all examples' seen this epoch):3741.920323371887	speed (wps):51120.161708594
step: 90	loss (sum over all examples' seen this epoch):4796.82706952095	speed (wps):51329.55919561248
step: 110	loss (sum over all examples' seen this epoch):5839.185297489166	speed (wps):51466.378565579995
step: 130	loss (sum over all examples' seen this epoch):6901.467016339302	speed (wps):51556.46004879484
step: 150	loss (sum over all examples' seen this epoch):7944.005463719368	speed (wps):48653.10077598204
step: 170	loss (sum over all examples' seen this epoch):8970.688478946686	speed (wps):49028.556668347606
step: 190	loss (sum over all examples' seen this epoch):9991.06013059616	speed (wps):49332.1094041285
epoch: 25	train ppl: 4.453610896152348	val ppl: 2080.4774016381625	best val: 131.30322272373022	time (s) spent in epoch: 19.164464712142944

EPOCH 26 ------------------
step: 10	loss (sum over all examples' seen this epoch):566.8564110994339	speed (wps):47605.28702932571
step: 30	loss (sum over all examples' seen this epoch):1608.430129289627	speed (wps):50406.67147797511
step: 50	loss (sum over all examples' seen this epoch):2613.2661867141724	speed (wps):51054.17994718426
step: 70	loss (sum over all examples' seen this epoch):3648.1014788150787	speed (wps):51341.501502888284
step: 90	loss (sum over all examples' seen this epoch):4675.900603532791	speed (wps):51499.13159527983
step: 110	loss (sum over all examples' seen this epoch):5695.039449930191	speed (wps):51606.886034617186
step: 130	loss (sum over all examples' seen this epoch):6730.500436425209	speed (wps):48307.26919553835
step: 150	loss (sum over all examples' seen this epoch):7749.411044120789	speed (wps):48775.447896217054
step: 170	loss (sum over all examples' seen this epoch):8757.546046376228	speed (wps):49141.618734416574
step: 190	loss (sum over all examples' seen this epoch):9753.900780677795	speed (wps):49427.570325978726
epoch: 26	train ppl: 4.297746326780736	val ppl: 2306.042634514785	best val: 131.30322272373022	time (s) spent in epoch: 19.131787538528442

EPOCH 27 ------------------
step: 10	loss (sum over all examples' seen this epoch):558.4131228923798	speed (wps):47590.204971781386
step: 30	loss (sum over all examples' seen this epoch):1580.9998160600662	speed (wps):50381.24130887711
step: 50	loss (sum over all examples' seen this epoch):2562.4145847558975	speed (wps):51030.44617227154
step: 70	loss (sum over all examples' seen this epoch):3573.411163687706	speed (wps):51316.502151303655
step: 90	loss (sum over all examples' seen this epoch):4571.287628412247	speed (wps):51484.35606055132
step: 110	loss (sum over all examples' seen this epoch):5571.364544034004	speed (wps):50565.21806459233
step: 130	loss (sum over all examples' seen this epoch):6581.474599838257	speed (wps):50788.32092153259
step: 150	loss (sum over all examples' seen this epoch):7577.802405953407	speed (wps):50957.0606495575
step: 170	loss (sum over all examples' seen this epoch):8563.575673103333	speed (wps):51084.998082626764
step: 190	loss (sum over all examples' seen this epoch):9536.691232323647	speed (wps):51187.87625873029
epoch: 27	train ppl: 4.15777138221847	val ppl: 2470.413421170744	best val: 131.30322272373022	time (s) spent in epoch: 18.535789489746094

EPOCH 28 ------------------
step: 10	loss (sum over all examples' seen this epoch):542.7374470233917	speed (wps):47632.285403840855
step: 30	loss (sum over all examples' seen this epoch):1540.842809677124	speed (wps):50419.428922797386
step: 50	loss (sum over all examples' seen this epoch):2503.699835538864	speed (wps):51050.4539425954
step: 70	loss (sum over all examples' seen this epoch):3497.142641544342	speed (wps):51339.70557226762
step: 90	loss (sum over all examples' seen this epoch):4476.504355072975	speed (wps):51503.76183932048
step: 110	loss (sum over all examples' seen this epoch):5456.697258353233	speed (wps):51608.72993358728
step: 130	loss (sum over all examples' seen this epoch):6448.1630873680115	speed (wps):51695.716936283294
step: 150	loss (sum over all examples' seen this epoch):7420.61834692955	speed (wps):51625.68586644336
step: 170	loss (sum over all examples' seen this epoch):8383.208953142166	speed (wps):51680.29151202951
step: 190	loss (sum over all examples' seen this epoch):9335.946354866028	speed (wps):51723.325585796614
epoch: 28	train ppl: 4.038371784073328	val ppl: 2672.8463732900173	best val: 131.30322272373022	time (s) spent in epoch: 18.363130569458008

EPOCH 29 ------------------
step: 10	loss (sum over all examples' seen this epoch):529.1879838705063	speed (wps):47588.27656070993
step: 30	loss (sum over all examples' seen this epoch):1507.7596133947372	speed (wps):50401.59909030428
step: 50	loss (sum over all examples' seen this epoch):2445.572762489319	speed (wps):51086.42851644454
step: 70	loss (sum over all examples' seen this epoch):3413.3672553300858	speed (wps):51366.6775083644
step: 90	loss (sum over all examples' seen this epoch):4369.538342952728	speed (wps):51517.64204693957
step: 110	loss (sum over all examples' seen this epoch):5328.590371012688	speed (wps):51614.3186205691
step: 130	loss (sum over all examples' seen this epoch):6298.531696200371	speed (wps):51627.106591010626
step: 150	loss (sum over all examples' seen this epoch):7250.404800772667	speed (wps):51684.88524644572
step: 170	loss (sum over all examples' seen this epoch):8195.047987699509	speed (wps):51731.98519124593
step: 190	loss (sum over all examples' seen this epoch):9126.26832485199	speed (wps):49548.8806117408
epoch: 29	train ppl: 3.9156512335632185	val ppl: 2891.2943808780065	best val: 131.30322272373022	time (s) spent in epoch: 19.08878183364868

EPOCH 30 ------------------
step: 10	loss (sum over all examples' seen this epoch):519.5501005649567	speed (wps):47579.18445536363
step: 30	loss (sum over all examples' seen this epoch):1481.8208229541779	speed (wps):50381.659633043
step: 50	loss (sum over all examples' seen this epoch):2404.5081877708435	speed (wps):51039.36617772838
step: 70	loss (sum over all examples' seen this epoch):3352.153863310814	speed (wps):51331.116873802814
step: 90	loss (sum over all examples' seen this epoch):4292.859743833542	speed (wps):51026.007222816756
step: 110	loss (sum over all examples' seen this epoch):5226.122379899025	speed (wps):51215.12245713331
step: 130	loss (sum over all examples' seen this epoch):6178.564330935478	speed (wps):51347.06383467282
step: 150	loss (sum over all examples' seen this epoch):7111.660670638084	speed (wps):51308.84701735791
step: 170	loss (sum over all examples' seen this epoch):8036.102731823921	speed (wps):51398.92197817549
step: 190	loss (sum over all examples' seen this epoch):8946.62378847599	speed (wps):51464.08374351016
epoch: 30	train ppl: 3.8089831863771755	val ppl: 3101.037867097565	best val: 131.30322272373022	time (s) spent in epoch: 19.06234312057495

EPOCH 31 ------------------
step: 10	loss (sum over all examples' seen this epoch):507.2796928882599	speed (wps):47745.33880326718
step: 30	loss (sum over all examples' seen this epoch):1447.272619009018	speed (wps):50513.83534207592
step: 50	loss (sum over all examples' seen this epoch):2352.4881052970886	speed (wps):49861.19816774981
step: 70	loss (sum over all examples' seen this epoch):3285.669189095497	speed (wps):50470.92923159149
step: 90	loss (sum over all examples' seen this epoch):4212.805600166321	speed (wps):50818.32269094081
step: 110	loss (sum over all examples' seen this epoch):5129.282484054565	speed (wps):49830.681305978615
step: 130	loss (sum over all examples' seen this epoch):6064.180838465691	speed (wps):50163.207389277326
step: 150	loss (sum over all examples' seen this epoch):6986.0205245018005	speed (wps):50409.766744549306
step: 170	loss (sum over all examples' seen this epoch):7896.068952679634	speed (wps):50282.73181798941
step: 190	loss (sum over all examples' seen this epoch):8800.671107172966	speed (wps):50464.92144137423
epoch: 31	train ppl: 3.7267420387990713	val ppl: 3305.3422311162763	best val: 131.30322272373022	time (s) spent in epoch: 18.775651693344116

EPOCH 32 ------------------
step: 10	loss (sum over all examples' seen this epoch):497.561759352684	speed (wps):47819.80042009273
step: 30	loss (sum over all examples' seen this epoch):1417.8101915121078	speed (wps):50468.30634738622
step: 50	loss (sum over all examples' seen this epoch):2303.0826312303543	speed (wps):51093.83709465977
step: 70	loss (sum over all examples' seen this epoch):3215.2293342351913	speed (wps):51372.33047862232
step: 90	loss (sum over all examples' seen this epoch):4120.59575855732	speed (wps):51528.12892920949
step: 110	loss (sum over all examples' seen this epoch):5023.060931563377	speed (wps):51628.63685047377
step: 130	loss (sum over all examples' seen this epoch):5936.797378063202	speed (wps):51699.29231192775
step: 150	loss (sum over all examples' seen this epoch):6839.9924075603485	speed (wps):51750.72969176249
step: 170	loss (sum over all examples' seen this epoch):7737.802200317383	speed (wps):51790.176682064106
step: 190	loss (sum over all examples' seen this epoch):8616.480647325516	speed (wps):51822.34268771968
epoch: 32	train ppl: 3.628777306361299	val ppl: 3610.153535891969	best val: 131.30322272373022	time (s) spent in epoch: 18.839142084121704

EPOCH 33 ------------------
step: 10	loss (sum over all examples' seen this epoch):485.7718074321747	speed (wps):47620.510304418785
step: 30	loss (sum over all examples' seen this epoch):1390.75020134449	speed (wps):50524.26740390127
step: 50	loss (sum over all examples' seen this epoch):2261.9707423448563	speed (wps):51123.10290695209
step: 70	loss (sum over all examples' seen this epoch):3156.5140175819397	speed (wps):51388.390275664184
step: 90	loss (sum over all examples' seen this epoch):4047.8069096803665	speed (wps):51540.54948992927
step: 110	loss (sum over all examples' seen this epoch):4927.870493531227	speed (wps):50362.91335494617
step: 130	loss (sum over all examples' seen this epoch):5828.084087967873	speed (wps):50618.16225428667
step: 150	loss (sum over all examples' seen this epoch):6712.920636534691	speed (wps):50807.04961127997
step: 170	loss (sum over all examples' seen this epoch):7590.567789077759	speed (wps):50954.126403411145
step: 190	loss (sum over all examples' seen this epoch):8456.913439631462	speed (wps):51070.80963646822
epoch: 33	train ppl: 3.541272664732588	val ppl: 3823.905228858358	best val: 131.30322272373022	time (s) spent in epoch: 18.574137687683105

EPOCH 34 ------------------
step: 10	loss (sum over all examples' seen this epoch):479.23604786396027	speed (wps):46377.648543670584
step: 30	loss (sum over all examples' seen this epoch):1364.770154953003	speed (wps):49863.49413011069
step: 50	loss (sum over all examples' seen this epoch):2220.820405483246	speed (wps):50680.42997377911
step: 70	loss (sum over all examples' seen this epoch):3110.65033018589	speed (wps):51048.64261976527
step: 90	loss (sum over all examples' seen this epoch):3977.695337533951	speed (wps):51258.0886660145
step: 110	loss (sum over all examples' seen this epoch):4845.59030175209	speed (wps):51391.53516548372
step: 130	loss (sum over all examples' seen this epoch):5727.561581134796	speed (wps):51485.67060201963
step: 150	loss (sum over all examples' seen this epoch):6599.043585062027	speed (wps):51005.92356924341
step: 170	loss (sum over all examples' seen this epoch):7453.140594959259	speed (wps):51119.073915264686
step: 190	loss (sum over all examples' seen this epoch):8307.469410896301	speed (wps):51219.69922511871
epoch: 34	train ppl: 3.464211124303742	val ppl: 4016.8325440294184	best val: 131.30322272373022	time (s) spent in epoch: 18.55294132232666

EPOCH 35 ------------------
step: 10	loss (sum over all examples' seen this epoch):471.40612065792084	speed (wps):47554.59841103752
step: 30	loss (sum over all examples' seen this epoch):1339.4544261693954	speed (wps):50333.75007193561
step: 50	loss (sum over all examples' seen this epoch):2180.3286784887314	speed (wps):50996.14870895712
step: 70	loss (sum over all examples' seen this epoch):3048.344110250473	speed (wps):51279.29412744163
step: 90	loss (sum over all examples' seen this epoch):3899.83538210392	speed (wps):51437.028841376414
step: 110	loss (sum over all examples' seen this epoch):4752.742190361023	speed (wps):51540.82765672019
step: 130	loss (sum over all examples' seen this epoch):5624.020609855652	speed (wps):51370.038070188595
step: 150	loss (sum over all examples' seen this epoch):6473.319283127785	speed (wps):51456.13057805539
step: 170	loss (sum over all examples' seen this epoch):7321.381166577339	speed (wps):51521.260508318075
step: 190	loss (sum over all examples' seen this epoch):8160.61060488224	speed (wps):50607.29761333296
epoch: 35	train ppl: 3.3898470675266044	val ppl: 4406.788912883462	best val: 131.30322272373022	time (s) spent in epoch: 18.729700088500977

EPOCH 36 ------------------
step: 10	loss (sum over all examples' seen this epoch):462.88470566272736	speed (wps):47536.1700798658
step: 30	loss (sum over all examples' seen this epoch):1321.7714780569077	speed (wps):50324.56168715183
step: 50	loss (sum over all examples' seen this epoch):2148.038399219513	speed (wps):50976.64445158545
step: 70	loss (sum over all examples' seen this epoch):3004.572084546089	speed (wps):51309.04004647689
step: 90	loss (sum over all examples' seen this epoch):3847.240048646927	speed (wps):51547.45895020594
step: 110	loss (sum over all examples' seen this epoch):4677.5181221961975	speed (wps):51640.32396874639
step: 130	loss (sum over all examples' seen this epoch):5529.502771496773	speed (wps):51692.15399590835
step: 150	loss (sum over all examples' seen this epoch):6372.884708046913	speed (wps):51752.53257078908
step: 170	loss (sum over all examples' seen this epoch):7205.046223402023	speed (wps):51211.44849188862
step: 190	loss (sum over all examples' seen this epoch):8035.693685412407	speed (wps):51289.37762694138
epoch: 36	train ppl: 3.323909644100439	val ppl: 4525.16572429999	best val: 131.30322272373022	time (s) spent in epoch: 18.50706124305725

EPOCH 37 ------------------
step: 10	loss (sum over all examples' seen this epoch):459.09836649894714	speed (wps):46345.43292483999
step: 30	loss (sum over all examples' seen this epoch):1308.504147529602	speed (wps):49903.79482543586
step: 50	loss (sum over all examples' seen this epoch):2124.9745285511017	speed (wps):50685.927727187234
step: 70	loss (sum over all examples' seen this epoch):2967.87166595459	speed (wps):46404.635312135164
step: 90	loss (sum over all examples' seen this epoch):3790.999079346657	speed (wps):47519.72602678816
step: 110	loss (sum over all examples' seen this epoch):4619.178189635277	speed (wps):48266.37366470137
step: 130	loss (sum over all examples' seen this epoch):5458.145964741707	speed (wps):48801.505919119205
step: 150	loss (sum over all examples' seen this epoch):6282.651134133339	speed (wps):49212.724313687344
step: 170	loss (sum over all examples' seen this epoch):7097.344430088997	speed (wps):49520.980092293335
step: 190	loss (sum over all examples' seen this epoch):7908.248737454414	speed (wps):49041.234247098575
epoch: 37	train ppl: 3.26289039922724	val ppl: 4864.071176111684	best val: 131.30322272373022	time (s) spent in epoch: 19.271378993988037

EPOCH 38 ------------------
step: 10	loss (sum over all examples' seen this epoch):449.5115941762924	speed (wps):47489.04329573641
step: 30	loss (sum over all examples' seen this epoch):1278.6610704660416	speed (wps):50246.33776483585
step: 50	loss (sum over all examples' seen this epoch):2077.643905878067	speed (wps):50913.99824739077
step: 70	loss (sum over all examples' seen this epoch):2905.145947933197	speed (wps):51214.016820433884
step: 90	loss (sum over all examples' seen this epoch):3718.2779556512833	speed (wps):51384.12876146748
step: 110	loss (sum over all examples' seen this epoch):4526.976225376129	speed (wps):51492.78164664394
step: 130	loss (sum over all examples' seen this epoch):5351.404573917389	speed (wps):51574.67788301779
step: 150	loss (sum over all examples' seen this epoch):6164.7100085020065	speed (wps):51630.67981177901
step: 170	loss (sum over all examples' seen this epoch):6977.894904613495	speed (wps):51223.27887372478
step: 190	loss (sum over all examples' seen this epoch):7779.020833969116	speed (wps):51301.57487503022
epoch: 38	train ppl: 3.2015309516705925	val ppl: 4962.548351444312	best val: 131.30322272373022	time (s) spent in epoch: 18.502622842788696

EPOCH 39 ------------------
step: 10	loss (sum over all examples' seen this epoch):444.80663418769836	speed (wps):47519.79889954794
step: 30	loss (sum over all examples' seen this epoch):1264.0431207418442	speed (wps):50308.34995970616
step: 50	loss (sum over all examples' seen this epoch):2053.7342298030853	speed (wps):50950.197852085475
step: 70	loss (sum over all examples' seen this epoch):2868.0281007289886	speed (wps):51243.34258930856
step: 90	loss (sum over all examples' seen this epoch):3669.8756378889084	speed (wps):51407.66098540934
step: 110	loss (sum over all examples' seen this epoch):4465.367906093597	speed (wps):51509.60326776016
step: 130	loss (sum over all examples' seen this epoch):5276.191821098328	speed (wps):51583.63758996556
step: 150	loss (sum over all examples' seen this epoch):6070.62789440155	speed (wps):51637.62935364943
step: 170	loss (sum over all examples' seen this epoch):6865.520616173744	speed (wps):51676.591186437625
step: 190	loss (sum over all examples' seen this epoch):7650.859489440918	speed (wps):51707.75544889947
epoch: 39	train ppl: 3.142066866650672	val ppl: 5302.886908301305	best val: 131.30322272373022	time (s) spent in epoch: 18.782008409500122

DONE

Saving learning curves to TRANSFORMER_ADAM_model=TRANSFORMER_optimizer=ADAM_initial_lr=0.001_batch_size=128_seq_len=35_hidden_size=512_num_layers=2_dp_keep_prob=.9_1/learning_curves.npy
